TN:
SF:/home/ekitabu/Desktop/Work/android-readium-js-viewer/build-config/selenium_webdriver.js
FN:15,(anonymous_0)
FN:18,(anonymous_1)
FN:21,(anonymous_2)
FN:24,(anonymous_3)
FN:25,(anonymous_4)
FN:40,(anonymous_5)
FN:66,(anonymous_6)
FNF:7
FNH:3
FNDA:6,(anonymous_0)
FNDA:0,(anonymous_1)
FNDA:0,(anonymous_2)
FNDA:0,(anonymous_3)
FNDA:0,(anonymous_4)
FNDA:2,(anonymous_5)
FNDA:2,(anonymous_6)
DA:2,2
DA:4,2
DA:5,2
DA:7,2
DA:9,2
DA:10,2
DA:12,2
DA:14,2
DA:15,2
DA:16,6
DA:18,2
DA:19,0
DA:21,2
DA:22,0
DA:24,2
DA:25,0
DA:26,0
DA:27,0
DA:32,2
DA:36,2
DA:37,2
DA:41,2
DA:46,2
DA:47,2
DA:50,2
DA:65,2
DA:66,2
DA:73,2
DA:76,0
DA:82,2
LF:30
LH:24
BRDA:7,0,0,2
BRDA:7,0,1,0
BRDA:41,1,0,2
BRDA:41,1,1,0
BRF:4
BRH:2
end_of_record
TN:
SF:/home/ekitabu/Desktop/Work/android-readium-js-viewer/tests/config.js
FNF:0
FNH:0
DA:2,2
DA:3,2
DA:4,2
DA:5,2
DA:8,2
DA:9,2
DA:10,2
DA:11,0
DA:13,2
DA:14,2
DA:16,2
DA:17,2
DA:19,2
DA:20,2
DA:22,2
DA:23,2
DA:25,2
DA:26,2
DA:30,2
DA:31,2
DA:40,2
DA:41,0
DA:42,0
DA:44,0
DA:45,0
DA:47,0
DA:49,0
DA:50,0
DA:51,0
DA:55,0
DA:63,2
LF:31
LH:21
BRDA:4,0,0,2
BRDA:4,0,1,0
BRDA:10,1,0,0
BRDA:10,1,1,2
BRDA:30,2,0,2
BRDA:30,2,1,0
BRDA:40,3,0,0
BRDA:40,3,1,2
BRF:8
BRH:4
end_of_record
TN:
SF:/home/ekitabu/Desktop/Work/android-readium-js-viewer/tests/tests.js
FN:17,(anonymous_0)
FN:21,(anonymous_1)
FN:35,(anonymous_2)
FN:39,(anonymous_3)
FN:46,(anonymous_4)
FN:55,(anonymous_5)
FN:77,(anonymous_6)
FN:81,(anonymous_7)
FN:85,(anonymous_8)
FN:98,(anonymous_9)
FN:106,(anonymous_10)
FN:110,(anonymous_11)
FN:121,(anonymous_12)
FN:128,(anonymous_13)
FN:142,(anonymous_14)
FN:143,(anonymous_15)
FN:171,(anonymous_16)
FN:188,(anonymous_17)
FN:190,(anonymous_18)
FN:200,(anonymous_19)
FN:212,(anonymous_20)
FN:222,(anonymous_21)
FN:240,(anonymous_22)
FN:261,(anonymous_23)
FN:274,(anonymous_24)
FN:307,(anonymous_25)
FN:322,(anonymous_26)
FN:325,(anonymous_27)
FNF:28
FNH:8
FNDA:2,(anonymous_0)
FNDA:0,(anonymous_1)
FNDA:0,(anonymous_2)
FNDA:0,(anonymous_3)
FNDA:0,(anonymous_4)
FNDA:2,(anonymous_5)
FNDA:2,(anonymous_6)
FNDA:2,(anonymous_7)
FNDA:2,(anonymous_8)
FNDA:2,(anonymous_9)
FNDA:0,(anonymous_10)
FNDA:0,(anonymous_11)
FNDA:0,(anonymous_12)
FNDA:0,(anonymous_13)
FNDA:2,(anonymous_14)
FNDA:0,(anonymous_15)
FNDA:0,(anonymous_16)
FNDA:2,(anonymous_17)
FNDA:0,(anonymous_18)
FNDA:0,(anonymous_19)
FNDA:0,(anonymous_20)
FNDA:0,(anonymous_21)
FNDA:0,(anonymous_22)
FNDA:0,(anonymous_23)
FNDA:0,(anonymous_24)
FNDA:0,(anonymous_25)
FNDA:0,(anonymous_26)
FNDA:0,(anonymous_27)
DA:1,2
DA:2,2
DA:4,2
DA:6,2
DA:7,2
DA:9,2
DA:11,2
DA:13,2
DA:15,2
DA:17,2
DA:21,2
DA:22,0
DA:24,0
DA:35,2
DA:36,0
DA:39,2
DA:40,0
DA:46,2
DA:48,0
DA:51,2
DA:52,2
DA:53,2
DA:55,2
DA:56,2
DA:57,0
DA:58,0
DA:60,0
DA:61,0
DA:62,0
DA:63,0
DA:66,0
DA:70,2
DA:73,2
DA:75,2
DA:77,2
DA:81,2
DA:85,2
DA:90,2
DA:91,0
DA:94,2
DA:98,2
DA:99,2
DA:105,2
DA:106,2
DA:107,0
DA:108,0
DA:111,0
DA:112,0
DA:118,0
DA:119,0
DA:121,2
DA:122,0
DA:128,2
DA:130,0
DA:132,0
DA:142,2
DA:143,2
DA:144,0
DA:145,0
DA:171,2
DA:172,0
DA:173,0
DA:188,2
DA:190,2
DA:191,0
DA:198,2
DA:200,2
DA:201,0
DA:203,0
DA:212,2
DA:213,0
DA:222,2
DA:223,0
DA:240,2
DA:241,0
DA:261,2
DA:262,0
DA:275,0
DA:307,2
DA:308,0
DA:322,2
DA:323,0
DA:324,0
DA:325,0
DA:326,0
LF:85
LH:46
BRDA:51,0,0,2
BRDA:51,0,1,0
BRDA:56,1,0,0
BRDA:56,1,1,2
BRDA:60,2,0,0
BRDA:60,2,1,0
BRDA:90,3,0,0
BRDA:90,3,1,2
BRDA:105,4,0,2
BRDA:105,4,1,0
BRF:10
BRH:4
end_of_record
